[debug] [2025-07-25T23:13:24.517Z] ----------------------------------------------------------------------
[debug] [2025-07-25T23:13:24.520Z] Command:       C:\Program Files\nodejs\node.exe C:\Users\Dread\AppData\Roaming\npm\node_modules\firebase-tools\lib\bin\firebase.js init
[debug] [2025-07-25T23:13:24.521Z] CLI Version:   14.11.1
[debug] [2025-07-25T23:13:24.521Z] Platform:      win32
[debug] [2025-07-25T23:13:24.521Z] Node Version:  v20.15.1
[debug] [2025-07-25T23:13:24.521Z] Time:          Fri Jul 25 2025 20:13:24 GMT-0300 (Horário Padrão de Brasília)
[debug] [2025-07-25T23:13:24.521Z] ----------------------------------------------------------------------
[debug] 
[debug] [2025-07-25T23:13:24.527Z] > command requires scopes: ["email","openid","https://www.googleapis.com/auth/cloudplatformprojects.readonly","https://www.googleapis.com/auth/firebase","https://www.googleapis.com/auth/cloud-platform"]
[debug] [2025-07-25T23:13:24.527Z] > authorizing via signed-in user (fabbahiense@gmail.com)
[info] 
     ######## #### ########  ######## ########     ###     ######  ########
     ##        ##  ##     ## ##       ##     ##  ##   ##  ##       ##
     ######    ##  ########  ######   ########  #########  ######  ######
     ##        ##  ##    ##  ##       ##     ## ##     ##       ## ##
     ##       #### ##     ## ######## ########  ##     ##  ######  ########

You're about to initialize a Firebase project in this directory:

  C:\Users\Dread\Documents\Documentos Fabs\Projects\space-explorer

[debug] [2025-07-25T23:14:53.249Z] ExitPromptError: User force closed the prompt with SIGINT
    at Interface.sigint (C:\Users\Dread\AppData\Roaming\npm\node_modules\firebase-tools\node_modules\@inquirer\core\dist\commonjs\lib\create-prompt.js:101:37)
    at Interface.emit (node:events:519:28)
    at Interface.emit (node:domain:488:12)
    at [_ttyWrite] [as _ttyWrite] (node:internal/readline/interface:1126:18)
    at ReadStream.onkeypress (node:internal/readline/interface:265:20)
    at ReadStream.emit (node:events:531:35)
    at ReadStream.emit (node:domain:488:12)
    at emitKeys (node:internal/readline/utils:371:14)
    at emitKeys.next (<anonymous>)
    at ReadStream.onData (node:internal/readline/emitKeypressEvents:64:36)
[error] 
[error] Error: An unexpected error has occurred.
